<?xml version="1.0" encoding="UTF-8"?>
<!-- Generated by org.testng.reporters.JUnitReportReporter -->
<testsuite hostname="Durai-LT" name="com.whertheworkis.qa.testcase.ProspectsAcrossLocationsPageTest" tests="7" failures="0" timestamp="2 Apr 2020 12:51:04 GMT" time="229.574" errors="0">
  <testcase name="lepareaOrCityRegionRadioButtonTest" time="30.051" classname="com.whertheworkis.qa.testcase.ProspectsAcrossLocationsPageTest"/>
  <testcase name="occupationTablePresentTest" time="29.612" classname="com.whertheworkis.qa.testcase.ProspectsAcrossLocationsPageTest"/>
  <testcase name="dropDownDefaultSelectedOccupationTest" time="32.374" classname="com.whertheworkis.qa.testcase.ProspectsAcrossLocationsPageTest"/>
  <testcase name="jobConcentrationMapButtonPresentTest" time="30.814" classname="com.whertheworkis.qa.testcase.ProspectsAcrossLocationsPageTest"/>
  <testcase name="backButtonTest" time="38.855" classname="com.whertheworkis.qa.testcase.ProspectsAcrossLocationsPageTest"/>
  <testcase name="jobConcentrationMapPopupPresentTest" time="37.069" classname="com.whertheworkis.qa.testcase.ProspectsAcrossLocationsPageTest"/>
  <testcase name="nationOrRegionRadioButtonTest" time="30.799" classname="com.whertheworkis.qa.testcase.ProspectsAcrossLocationsPageTest"/>
</testsuite> <!-- com.whertheworkis.qa.testcase.ProspectsAcrossLocationsPageTest -->
