<?xml version="1.0" encoding="UTF-8"?>
<!-- Generated by org.testng.reporters.JUnitReportReporter -->
<testsuite hostname="Durai-LT" name="com.whertheworkis.qa.testcase.MethodologyPageTest" tests="4" failures="0" timestamp="2 Apr 2020 12:51:04 GMT" time="16.733" errors="0">
  <testcase name="methodologyCsvDataFilePresentTest" time="0.079" classname="com.whertheworkis.qa.testcase.MethodologyPageTest"/>
  <testcase name="methodologyCsvDataFileDownloadTest" time="8.472" classname="com.whertheworkis.qa.testcase.MethodologyPageTest"/>
  <testcase name="methodologyDataDictionayFileDownloadTest" time="8.106" classname="com.whertheworkis.qa.testcase.MethodologyPageTest"/>
  <testcase name="methodologyDataDictionayFilePresentTest" time="0.076" classname="com.whertheworkis.qa.testcase.MethodologyPageTest"/>
</testsuite> <!-- com.whertheworkis.qa.testcase.MethodologyPageTest -->
