<?xml version="1.0" encoding="UTF-8"?>
<!-- Generated by org.testng.reporters.JUnitReportReporter -->
<testsuite hostname="Durai-LT" name="com.whertheworkis.qa.testcase.MethodologyPageTest" tests="4" failures="0" timestamp="2 Apr 2020 11:29:22 GMT" time="16.728" errors="0">
  <testcase name="methodologyCsvDataFileDownloadTest" time="8.464" classname="com.whertheworkis.qa.testcase.MethodologyPageTest"/>
  <testcase name="methodologyDataDictionayFilePresentTest" time="0.062" classname="com.whertheworkis.qa.testcase.MethodologyPageTest"/>
  <testcase name="methodologyDataDictionayFileDownloadTest" time="8.130" classname="com.whertheworkis.qa.testcase.MethodologyPageTest"/>
  <testcase name="methodologyCsvDataFilePresentTest" time="0.072" classname="com.whertheworkis.qa.testcase.MethodologyPageTest"/>
</testsuite> <!-- com.whertheworkis.qa.testcase.MethodologyPageTest -->
