<?xml version="1.0" encoding="UTF-8"?>
<!-- Generated by org.testng.reporters.JUnitReportReporter -->
<testsuite hostname="Durai-LT" name="com.whertheworkis.qa.testcase.AboutPageTest" tests="4" failures="0" timestamp="2 Apr 2020 12:51:03 GMT" time="17.485" errors="0">
  <testcase name="csvDataFilePresentTest" time="0.099" classname="com.whertheworkis.qa.testcase.AboutPageTest"/>
  <testcase name="csvDataFileDownloadTest" time="9.219" classname="com.whertheworkis.qa.testcase.AboutPageTest"/>
  <testcase name="dataDictionayFileDownloadTest" time="8.107" classname="com.whertheworkis.qa.testcase.AboutPageTest"/>
  <testcase name="dataDictionayFilePresentTest" time="0.060" classname="com.whertheworkis.qa.testcase.AboutPageTest"/>
</testsuite> <!-- com.whertheworkis.qa.testcase.AboutPageTest -->
