<?xml version="1.0" encoding="UTF-8"?>
<!-- Generated by org.testng.reporters.JUnitReportReporter -->
<testsuite hostname="Durai-LT" name="com.whertheworkis.qa.testcase.OccupationPopupWindowTest" tests="6" failures="0" timestamp="2 Apr 2020 12:51:03 GMT" time="254.780" errors="0">
  <testcase name="occupationProfilePieChartPresentTest" time="69.360" classname="com.whertheworkis.qa.testcase.OccupationPopupWindowTest"/>
  <testcase name="mouseHoverOnLineChartTest" time="27.733" classname="com.whertheworkis.qa.testcase.OccupationPopupWindowTest"/>
  <testcase name="occupationPopupTitleTest" time="31.149" classname="com.whertheworkis.qa.testcase.OccupationPopupWindowTest"/>
  <testcase name="popupCloseButtonTest" time="46.473" classname="com.whertheworkis.qa.testcase.OccupationPopupWindowTest"/>
  <testcase name="projectedLineChartPresentTest" time="30.928" classname="com.whertheworkis.qa.testcase.OccupationPopupWindowTest"/>
  <testcase name="mouseHoverOnPieChartTest" time="49.137" classname="com.whertheworkis.qa.testcase.OccupationPopupWindowTest"/>
</testsuite> <!-- com.whertheworkis.qa.testcase.OccupationPopupWindowTest -->
