<?xml version="1.0" encoding="UTF-8"?>
<!-- Generated by org.testng.reporters.JUnitReportReporter -->
<testsuite hostname="Durai-LT" name="org.wheretheworkis.qa.testcase.JobConcentrationPopupWindowTest" tests="7" failures="0" timestamp="16 Apr 2020 07:14:19 GMT" time="0.896" errors="0">
  <testcase name="mapNationOrRegionRadioButtonSelectedTest" time="0.086" classname="org.wheretheworkis.qa.testcase.JobConcentrationPopupWindowTest"/>
  <testcase name="mapLengendPresentTest" time="0.033" classname="org.wheretheworkis.qa.testcase.JobConcentrationPopupWindowTest"/>
  <testcase name="occupationDetailMapPresentTest" time="0.059" classname="org.wheretheworkis.qa.testcase.JobConcentrationPopupWindowTest"/>
  <testcase name="mapLocationMouseHoverTest" time="0.413" classname="org.wheretheworkis.qa.testcase.JobConcentrationPopupWindowTest"/>
  <testcase name="occupationNamePresentTest" time="0.034" classname="org.wheretheworkis.qa.testcase.JobConcentrationPopupWindowTest"/>
  <testcase name="mapLepOrCityRegionRadioButtonSelectedTest" time="0.127" classname="org.wheretheworkis.qa.testcase.JobConcentrationPopupWindowTest"/>
  <testcase name="jobConcentrationPopupCloseButtonTest" time="0.144" classname="org.wheretheworkis.qa.testcase.JobConcentrationPopupWindowTest"/>
</testsuite> <!-- org.wheretheworkis.qa.testcase.JobConcentrationPopupWindowTest -->
