<?xml version="1.0" encoding="UTF-8"?>
<!-- Generated by org.testng.reporters.JUnitReportReporter -->
<testsuite hostname="Durai-LT" name="com.whertheworkis.qa.testcase.OccupationPopupWindowTest" tests="6" failures="0" timestamp="24 Mar 2020 06:02:17 GMT" time="110.657" errors="0">
  <testcase name="occupationPopupTitleTest" time="18.777" classname="com.whertheworkis.qa.testcase.OccupationPopupWindowTest"/>
  <testcase name="mouseHoverOnPieChartTest" time="17.105" classname="com.whertheworkis.qa.testcase.OccupationPopupWindowTest"/>
  <testcase name="projectedLineChartPresentTest" time="15.659" classname="com.whertheworkis.qa.testcase.OccupationPopupWindowTest"/>
  <testcase name="popupCloseButtonTest" time="17.749" classname="com.whertheworkis.qa.testcase.OccupationPopupWindowTest"/>
  <testcase name="occupationProfilePieChartPresentTest" time="21.840" classname="com.whertheworkis.qa.testcase.OccupationPopupWindowTest"/>
  <testcase name="mouseHoverOnLineChartTest" time="19.527" classname="com.whertheworkis.qa.testcase.OccupationPopupWindowTest"/>
</testsuite> <!-- com.whertheworkis.qa.testcase.OccupationPopupWindowTest -->
