<?xml version="1.0" encoding="UTF-8"?>
<!-- Generated by org.testng.reporters.JUnitReportReporter -->
<testsuite hostname="Durai-LT" name="org.wheretheworkis.qa.testcase.AboutPageTest" tests="2" failures="0" timestamp="16 Apr 2020 07:14:19 GMT" time="0.421" errors="0">
  <testcase name="csvDataFilePresentTest" time="0.386" classname="org.wheretheworkis.qa.testcase.AboutPageTest"/>
  <testcase name="dataDictionayFilePresentTest" time="0.035" classname="org.wheretheworkis.qa.testcase.AboutPageTest"/>
</testsuite> <!-- org.wheretheworkis.qa.testcase.AboutPageTest -->
