<?xml version="1.0" encoding="UTF-8"?>
<!-- Generated by org.testng.reporters.JUnitReportReporter -->
<testsuite hostname="Durai-LT" name="org.wheretheworkis.qa.testcase.ProspectsAcrossLocationsPageTest" tests="7" failures="0" timestamp="16 Apr 2020 07:14:19 GMT" time="2.123" errors="0">
  <testcase name="lepareaOrCityRegionRadioButtonTest" time="0.144" classname="org.wheretheworkis.qa.testcase.ProspectsAcrossLocationsPageTest"/>
  <testcase name="backButtonTest" time="1.061" classname="org.wheretheworkis.qa.testcase.ProspectsAcrossLocationsPageTest"/>
  <testcase name="jobConcentrationMapButtonPresentTest" time="0.032" classname="org.wheretheworkis.qa.testcase.ProspectsAcrossLocationsPageTest"/>
  <testcase name="jobConcentrationMapPopupPresentTest" time="0.800" classname="org.wheretheworkis.qa.testcase.ProspectsAcrossLocationsPageTest"/>
  <testcase name="nationOrRegionRadioButtonTest" time="0.027" classname="org.wheretheworkis.qa.testcase.ProspectsAcrossLocationsPageTest"/>
  <testcase name="occupationTablePresentTest" time="0.030" classname="org.wheretheworkis.qa.testcase.ProspectsAcrossLocationsPageTest"/>
  <testcase name="dropDownDefaultSelectedOccupationTest" time="0.029" classname="org.wheretheworkis.qa.testcase.ProspectsAcrossLocationsPageTest"/>
</testsuite> <!-- org.wheretheworkis.qa.testcase.ProspectsAcrossLocationsPageTest -->
