<?xml version="1.0" encoding="UTF-8"?>
<!-- Generated by org.testng.reporters.JUnitReportReporter -->
<testsuite hostname="Durai-LT" name="com.whertheworkis.qa.testcase.ProspectsAcrossLocationsPageTest" tests="7" failures="0" timestamp="2 Apr 2020 11:45:57 GMT" time="2.560" errors="0">
  <testcase name="backButtonTest" time="1.121" classname="com.whertheworkis.qa.testcase.ProspectsAcrossLocationsPageTest"/>
  <testcase name="dropDownDefaultSelectedOccupationTest" time="0.045" classname="com.whertheworkis.qa.testcase.ProspectsAcrossLocationsPageTest"/>
  <testcase name="jobConcentrationMapButtonPresentTest" time="0.038" classname="com.whertheworkis.qa.testcase.ProspectsAcrossLocationsPageTest"/>
  <testcase name="nationOrRegionRadioButtonTest" time="0.024" classname="com.whertheworkis.qa.testcase.ProspectsAcrossLocationsPageTest"/>
  <testcase name="lepareaOrCityRegionRadioButtonTest" time="0.187" classname="com.whertheworkis.qa.testcase.ProspectsAcrossLocationsPageTest"/>
  <testcase name="jobConcentrationMapPopupPresentTest" time="1.106" classname="com.whertheworkis.qa.testcase.ProspectsAcrossLocationsPageTest"/>
  <testcase name="occupationTablePresentTest" time="0.039" classname="com.whertheworkis.qa.testcase.ProspectsAcrossLocationsPageTest"/>
</testsuite> <!-- com.whertheworkis.qa.testcase.ProspectsAcrossLocationsPageTest -->
