<?xml version="1.0" encoding="UTF-8"?>
<!-- Generated by org.testng.reporters.JUnitReportReporter -->
<testsuite hostname="Durai-LT" name="com.whertheworkis.qa.testcase.MethodologyPageTest" tests="2" failures="0" timestamp="8 Apr 2020 11:09:58 GMT" time="0.527" errors="0">
  <testcase name="methodologyDataDictionayFilePresentTest" time="0.045" classname="com.whertheworkis.qa.testcase.MethodologyPageTest"/>
  <testcase name="methodologyCsvDataFilePresentTest" time="0.482" classname="com.whertheworkis.qa.testcase.MethodologyPageTest"/>
</testsuite> <!-- com.whertheworkis.qa.testcase.MethodologyPageTest -->
