<?xml version="1.0" encoding="UTF-8"?>
<!-- Generated by org.testng.reporters.JUnitReportReporter -->
<testsuite hostname="Durai-LT" name="com.whertheworkis.qa.testcase.ProspectsAcrossLocationsPageTest" tests="7" failures="0" timestamp="24 Mar 2020 06:02:17 GMT" time="160.788" errors="0">
  <testcase name="jobConcentrationMapButtonPresentTest" time="25.067" classname="com.whertheworkis.qa.testcase.ProspectsAcrossLocationsPageTest"/>
  <testcase name="backButtonTest" time="18.677" classname="com.whertheworkis.qa.testcase.ProspectsAcrossLocationsPageTest"/>
  <testcase name="occupationTablePresentTest" time="22.692" classname="com.whertheworkis.qa.testcase.ProspectsAcrossLocationsPageTest"/>
  <testcase name="nationOrRegionRadioButtonTest" time="20.473" classname="com.whertheworkis.qa.testcase.ProspectsAcrossLocationsPageTest"/>
  <testcase name="jobConcentrationMapPopupPresentTest" time="23.175" classname="com.whertheworkis.qa.testcase.ProspectsAcrossLocationsPageTest"/>
  <testcase name="lepareaOrCityRegionRadioButtonTest" time="28.490" classname="com.whertheworkis.qa.testcase.ProspectsAcrossLocationsPageTest"/>
  <testcase name="dropDownDefaultSelectedOccupationTest" time="22.214" classname="com.whertheworkis.qa.testcase.ProspectsAcrossLocationsPageTest"/>
</testsuite> <!-- com.whertheworkis.qa.testcase.ProspectsAcrossLocationsPageTest -->
