<?xml version="1.0" encoding="UTF-8"?>
<!-- Generated by org.testng.reporters.JUnitReportReporter -->
<testsuite hostname="Durai-LT" name="com.whertheworkis.qa.testcase.HomePageTest" tests="41" failures="0" timestamp="24 Mar 2020 06:02:17 GMT" time="740.276" errors="0">
  <testcase name="methodologyPageLinkTextPresentTest" time="17.548" classname="com.whertheworkis.qa.testcase.HomePageTest"/>
  <testcase name="mouseHoverOnBubbleChartOccupationGroupsTest" time="17.214" classname="com.whertheworkis.qa.testcase.HomePageTest"/>
  <testcase name="mouseClickBarChartOccupationGroupTest" time="20.223" classname="com.whertheworkis.qa.testcase.HomePageTest"/>
  <testcase name="barChartHigherEducationLenegntVisibilityTest" time="16.719" classname="com.whertheworkis.qa.testcase.HomePageTest"/>
  <testcase name="bubbleChartPopupWindowOpenTest" time="26.161" classname="com.whertheworkis.qa.testcase.HomePageTest"/>
  <testcase name="barChartPopupWindowOpenTest" time="19.974" classname="com.whertheworkis.qa.testcase.HomePageTest"/>
  <testcase name="whatcanthistoolshowPageLinkTextPresentTest" time="16.593" classname="com.whertheworkis.qa.testcase.HomePageTest"/>
  <testcase name="homePageHeaderSectionTest" time="17.556" classname="com.whertheworkis.qa.testcase.HomePageTest"/>
  <testcase name="bubbleChartOpportunityToolTipTest" time="17.188" classname="com.whertheworkis.qa.testcase.HomePageTest"/>
  <testcase name="showallButtonFunctionTest" time="17.954" classname="com.whertheworkis.qa.testcase.HomePageTest"/>
  <testcase name="barChartJobOpeningToolTipTest" time="18.775" classname="com.whertheworkis.qa.testcase.HomePageTest"/>
  <testcase name="aboutLinkTextPresentTest" time="16.997" classname="com.whertheworkis.qa.testcase.HomePageTest"/>
  <testcase name="barChartFutherEducationLegentVisibilityTest" time="16.927" classname="com.whertheworkis.qa.testcase.HomePageTest"/>
  <testcase name="footerSectionLogoPresentTest" time="18.612" classname="com.whertheworkis.qa.testcase.HomePageTest"/>
  <testcase name="occupationGroupsBarChartHelperPresentTest" time="20.587" classname="com.whertheworkis.qa.testcase.HomePageTest"/>
  <testcase name="bubbleChartToolTipTest" time="20.431" classname="com.whertheworkis.qa.testcase.HomePageTest"/>
  <testcase name="mouseHoverOnDashboardOccupationGroupsTest" time="17.256" classname="com.whertheworkis.qa.testcase.HomePageTest"/>
  <testcase name="occupationGroupsInformationPresentTest" time="15.364" classname="com.whertheworkis.qa.testcase.HomePageTest"/>
  <testcase name="homePageTitleTest" time="18.744" classname="com.whertheworkis.qa.testcase.HomePageTest"/>
  <testcase name="dropDownMenuLocationSelecableTest" time="18.729" classname="com.whertheworkis.qa.testcase.HomePageTest"/>
  <testcase name="barChartTitleTest" time="18.046" classname="com.whertheworkis.qa.testcase.HomePageTest"/>
  <testcase name="defaultLocationSeclectedTest" time="17.115" classname="com.whertheworkis.qa.testcase.HomePageTest"/>
  <testcase name="showallButtonPresentTest" time="16.640" classname="com.whertheworkis.qa.testcase.HomePageTest"/>
  <testcase name="bubbleChartPresentTest" time="16.488" classname="com.whertheworkis.qa.testcase.HomePageTest"/>
  <testcase name="bubbleChartSalaryToolTipTest" time="16.779" classname="com.whertheworkis.qa.testcase.HomePageTest"/>
  <testcase name="bubbleChartFootnotePresentTest" time="16.319" classname="com.whertheworkis.qa.testcase.HomePageTest"/>
  <testcase name="occupationGroupsBarChartAxisPresentTest" time="18.045" classname="com.whertheworkis.qa.testcase.HomePageTest"/>
  <testcase name="bubbleChartDataTest" time="22.698" classname="com.whertheworkis.qa.testcase.HomePageTest"/>
  <testcase name="homePageLogoTest" time="18.253" classname="com.whertheworkis.qa.testcase.HomePageTest"/>
  <testcase name="barChartToolTipTest" time="18.078" classname="com.whertheworkis.qa.testcase.HomePageTest"/>
  <testcase name="barChartDataClassificationTest" time="15.782" classname="com.whertheworkis.qa.testcase.HomePageTest"/>
  <testcase name="bubbleChartEducationDropDownMenuTest" time="16.419" classname="com.whertheworkis.qa.testcase.HomePageTest"/>
  <testcase name="occupationGroupsDashboardHelperPresentTest" time="21.583" classname="com.whertheworkis.qa.testcase.HomePageTest"/>
  <testcase name="mouseHoverOnBarChartOccupationGroupsTest" time="16.114" classname="com.whertheworkis.qa.testcase.HomePageTest"/>
  <testcase name="barChartSchoolLeaversLegentVisibilityTest" time="17.963" classname="com.whertheworkis.qa.testcase.HomePageTest"/>
  <testcase name="mouseClickOnOccupationGroupDashboardTest" time="19.140" classname="com.whertheworkis.qa.testcase.HomePageTest"/>
  <testcase name="bubbleChartMouseHoverOnOccupationTest" time="17.481" classname="com.whertheworkis.qa.testcase.HomePageTest"/>
  <testcase name="relatedResearchPageLinkTextPresentTest" time="16.901" classname="com.whertheworkis.qa.testcase.HomePageTest"/>
  <testcase name="barChartMouseHoverOnOccupationTest" time="18.305" classname="com.whertheworkis.qa.testcase.HomePageTest"/>
  <testcase name="bubbleChartEducationDropDownToolTipTest" time="16.578" classname="com.whertheworkis.qa.testcase.HomePageTest"/>
  <testcase name="clickToHideBarChartLengentPresentTest" time="15.997" classname="com.whertheworkis.qa.testcase.HomePageTest"/>
</testsuite> <!-- com.whertheworkis.qa.testcase.HomePageTest -->
