<?xml version="1.0" encoding="UTF-8"?>
<!-- Generated by org.testng.reporters.JUnitReportReporter -->
<testsuite hostname="Durai-LT" name="org.wheretheworkis.qa.testcase.OccupationPopupWindowTest" tests="6" failures="0" timestamp="16 Apr 2020 07:14:19 GMT" time="1.020" errors="0">
  <testcase name="occupationProfilePieChartPresentTest" time="0.041" classname="org.wheretheworkis.qa.testcase.OccupationPopupWindowTest"/>
  <testcase name="occupationPopupTitleTest" time="0.033" classname="org.wheretheworkis.qa.testcase.OccupationPopupWindowTest"/>
  <testcase name="mouseHoverOnLineChartTest" time="0.410" classname="org.wheretheworkis.qa.testcase.OccupationPopupWindowTest"/>
  <testcase name="projectedLineChartPresentTest" time="0.039" classname="org.wheretheworkis.qa.testcase.OccupationPopupWindowTest"/>
  <testcase name="mouseHoverOnPieChartTest" time="0.369" classname="org.wheretheworkis.qa.testcase.OccupationPopupWindowTest"/>
  <testcase name="popupCloseButtonTest" time="0.128" classname="org.wheretheworkis.qa.testcase.OccupationPopupWindowTest"/>
</testsuite> <!-- org.wheretheworkis.qa.testcase.OccupationPopupWindowTest -->
