<?xml version="1.0" encoding="UTF-8"?>
<!-- Generated by org.testng.reporters.JUnitReportReporter -->
<testsuite hostname="Durai-LT" name="com.whertheworkis.qa.testcase.MethodologyPageTest" tests="4" failures="0" timestamp="31 Mar 2020 10:18:08 GMT" time="10.539" errors="0">
  <testcase name="methodologyCsvDataFileDownloadTest" time="5.187" classname="com.whertheworkis.qa.testcase.MethodologyPageTest"/>
  <testcase name="methodologyCsvDataFilePresentTest" time="0.108" classname="com.whertheworkis.qa.testcase.MethodologyPageTest"/>
  <testcase name="methodologyDataDictionayFileDownloadTest" time="5.160" classname="com.whertheworkis.qa.testcase.MethodologyPageTest"/>
  <testcase name="methodologyDataDictionayFilePresentTest" time="0.084" classname="com.whertheworkis.qa.testcase.MethodologyPageTest"/>
</testsuite> <!-- com.whertheworkis.qa.testcase.MethodologyPageTest -->
