<?xml version="1.0" encoding="UTF-8"?>
<!-- Generated by org.testng.reporters.JUnitReportReporter -->
<testsuite hostname="Durai-LT" name="com.whertheworkis.qa.testcase.HomePageTest" tests="41" failures="0" timestamp="2 Apr 2020 11:45:57 GMT" time="21.775" errors="0">
  <testcase name="bubbleChartPresentTest" time="0.052" classname="com.whertheworkis.qa.testcase.HomePageTest"/>
  <testcase name="defaultLocationSeclectedTest" time="0.033" classname="com.whertheworkis.qa.testcase.HomePageTest"/>
  <testcase name="bubbleChartOpportunityToolTipTest" time="0.025" classname="com.whertheworkis.qa.testcase.HomePageTest"/>
  <testcase name="barChartTitleTest" time="0.951" classname="com.whertheworkis.qa.testcase.HomePageTest"/>
  <testcase name="bubbleChartEducationDropDownToolTipTest" time="0.026" classname="com.whertheworkis.qa.testcase.HomePageTest"/>
  <testcase name="occupationGroupsBarChartHelperPresentTest" time="0.046" classname="com.whertheworkis.qa.testcase.HomePageTest"/>
  <testcase name="bubbleChartDataTest" time="1.465" classname="com.whertheworkis.qa.testcase.HomePageTest"/>
  <testcase name="homePageTitleTest" time="0.030" classname="com.whertheworkis.qa.testcase.HomePageTest"/>
  <testcase name="whatcanthistoolshowPageLinkTextPresentTest" time="0.036" classname="com.whertheworkis.qa.testcase.HomePageTest"/>
  <testcase name="barChartFutherEducationLegentVisibilityTest" time="0.114" classname="com.whertheworkis.qa.testcase.HomePageTest"/>
  <testcase name="barChartPopupWindowOpenTest" time="1.633" classname="com.whertheworkis.qa.testcase.HomePageTest"/>
  <testcase name="barChartMouseHoverOnOccupationTest" time="1.398" classname="com.whertheworkis.qa.testcase.HomePageTest"/>
  <testcase name="methodologyPageLinkTextPresentTest" time="0.029" classname="com.whertheworkis.qa.testcase.HomePageTest"/>
  <testcase name="barChartHigherEducationLenegntVisibilityTest" time="0.104" classname="com.whertheworkis.qa.testcase.HomePageTest"/>
  <testcase name="homePageHeaderSectionTest" time="0.044" classname="com.whertheworkis.qa.testcase.HomePageTest"/>
  <testcase name="mouseClickBarChartOccupationGroupTest" time="2.154" classname="com.whertheworkis.qa.testcase.HomePageTest"/>
  <testcase name="relatedResearchPageLinkTextPresentTest" time="0.029" classname="com.whertheworkis.qa.testcase.HomePageTest"/>
  <testcase name="bubbleChartFootnotePresentTest" time="0.034" classname="com.whertheworkis.qa.testcase.HomePageTest"/>
  <testcase name="bubbleChartToolTipTest" time="0.309" classname="com.whertheworkis.qa.testcase.HomePageTest"/>
  <testcase name="occupationGroupsDashboardHelperPresentTest" time="0.056" classname="com.whertheworkis.qa.testcase.HomePageTest"/>
  <testcase name="bubbleChartSalaryToolTipTest" time="0.025" classname="com.whertheworkis.qa.testcase.HomePageTest"/>
  <testcase name="barChartToolTipTest" time="1.068" classname="com.whertheworkis.qa.testcase.HomePageTest"/>
  <testcase name="clickToHideBarChartLengentPresentTest" time="0.027" classname="com.whertheworkis.qa.testcase.HomePageTest"/>
  <testcase name="barChartSchoolLeaversLegentVisibilityTest" time="0.116" classname="com.whertheworkis.qa.testcase.HomePageTest"/>
  <testcase name="barChartJobOpeningToolTipTest" time="0.027" classname="com.whertheworkis.qa.testcase.HomePageTest"/>
  <testcase name="mouseHoverOnBarChartOccupationGroupsTest" time="1.347" classname="com.whertheworkis.qa.testcase.HomePageTest"/>
  <testcase name="bubbleChartMouseHoverOnOccupationTest" time="1.158" classname="com.whertheworkis.qa.testcase.HomePageTest"/>
  <testcase name="showallButtonFunctionTest" time="1.466" classname="com.whertheworkis.qa.testcase.HomePageTest"/>
  <testcase name="mouseHoverOnDashboardOccupationGroupsTest" time="1.336" classname="com.whertheworkis.qa.testcase.HomePageTest"/>
  <testcase name="showallButtonPresentTest" time="0.029" classname="com.whertheworkis.qa.testcase.HomePageTest"/>
  <testcase name="bubbleChartEducationDropDownMenuTest" time="0.264" classname="com.whertheworkis.qa.testcase.HomePageTest"/>
  <testcase name="bubbleChartPopupWindowOpenTest" time="2.832" classname="com.whertheworkis.qa.testcase.HomePageTest"/>
  <testcase name="footerSectionLogoPresentTest" time="0.088" classname="com.whertheworkis.qa.testcase.HomePageTest"/>
  <testcase name="occupationGroupsInformationPresentTest" time="0.028" classname="com.whertheworkis.qa.testcase.HomePageTest"/>
  <testcase name="mouseClickOnOccupationGroupDashboardTest" time="0.922" classname="com.whertheworkis.qa.testcase.HomePageTest"/>
  <testcase name="aboutLinkTextPresentTest" time="0.039" classname="com.whertheworkis.qa.testcase.HomePageTest"/>
  <testcase name="occupationGroupsBarChartAxisPresentTest" time="0.054" classname="com.whertheworkis.qa.testcase.HomePageTest"/>
  <testcase name="homePageLogoTest" time="0.056" classname="com.whertheworkis.qa.testcase.HomePageTest"/>
  <testcase name="dropDownMenuLocationSelecableTest" time="1.005" classname="com.whertheworkis.qa.testcase.HomePageTest"/>
  <testcase name="barChartDataClassificationTest" time="0.069" classname="com.whertheworkis.qa.testcase.HomePageTest"/>
  <testcase name="mouseHoverOnBubbleChartOccupationGroupsTest" time="1.251" classname="com.whertheworkis.qa.testcase.HomePageTest"/>
</testsuite> <!-- com.whertheworkis.qa.testcase.HomePageTest -->
