<?xml version="1.0" encoding="UTF-8"?>
<!-- Generated by org.testng.reporters.JUnitReportReporter -->
<testsuite hostname="Durai-LT" name="com.wheretheworkis.qa.testcase.JobConcentrationPopupWindowTest" tests="7" failures="0" timestamp="12 Apr 2020 11:22:33 GMT" time="0.776" errors="0">
  <testcase name="occupationDetailMapPresentTest" time="0.038" classname="com.wheretheworkis.qa.testcase.JobConcentrationPopupWindowTest"/>
  <testcase name="occupationNamePresentTest" time="0.028" classname="com.wheretheworkis.qa.testcase.JobConcentrationPopupWindowTest"/>
  <testcase name="mapLocationMouseHoverTest" time="0.352" classname="com.wheretheworkis.qa.testcase.JobConcentrationPopupWindowTest"/>
  <testcase name="jobConcentrationPopupCloseButtonTest" time="0.096" classname="com.wheretheworkis.qa.testcase.JobConcentrationPopupWindowTest"/>
  <testcase name="mapLengendPresentTest" time="0.034" classname="com.wheretheworkis.qa.testcase.JobConcentrationPopupWindowTest"/>
  <testcase name="mapLepOrCityRegionRadioButtonSelectedTest" time="0.134" classname="com.wheretheworkis.qa.testcase.JobConcentrationPopupWindowTest"/>
  <testcase name="mapNationOrRegionRadioButtonSelectedTest" time="0.094" classname="com.wheretheworkis.qa.testcase.JobConcentrationPopupWindowTest"/>
</testsuite> <!-- com.wheretheworkis.qa.testcase.JobConcentrationPopupWindowTest -->
