<?xml version="1.0" encoding="UTF-8"?>
<!-- Generated by org.testng.reporters.JUnitReportReporter -->
<testsuite hostname="Durai-LT" name="com.whertheworkis.qa.testcase.HomePageTest" tests="41" failures="0" timestamp="31 Mar 2020 10:18:08 GMT" time="22.483" errors="0">
  <testcase name="barChartHigherEducationLenegntVisibilityTest" time="0.137" classname="com.whertheworkis.qa.testcase.HomePageTest"/>
  <testcase name="barChartMouseHoverOnOccupationTest" time="1.454" classname="com.whertheworkis.qa.testcase.HomePageTest"/>
  <testcase name="defaultLocationSeclectedTest" time="0.021" classname="com.whertheworkis.qa.testcase.HomePageTest"/>
  <testcase name="homePageTitleTest" time="0.044" classname="com.whertheworkis.qa.testcase.HomePageTest"/>
  <testcase name="barChartSchoolLeaversLegentVisibilityTest" time="0.132" classname="com.whertheworkis.qa.testcase.HomePageTest"/>
  <testcase name="occupationGroupsInformationPresentTest" time="0.047" classname="com.whertheworkis.qa.testcase.HomePageTest"/>
  <testcase name="bubbleChartEducationDropDownMenuTest" time="0.280" classname="com.whertheworkis.qa.testcase.HomePageTest"/>
  <testcase name="whatcanthistoolshowPageLinkTextPresentTest" time="0.032" classname="com.whertheworkis.qa.testcase.HomePageTest"/>
  <testcase name="footerSectionLogoPresentTest" time="0.112" classname="com.whertheworkis.qa.testcase.HomePageTest"/>
  <testcase name="relatedResearchPageLinkTextPresentTest" time="0.044" classname="com.whertheworkis.qa.testcase.HomePageTest"/>
  <testcase name="mouseClickBarChartOccupationGroupTest" time="1.008" classname="com.whertheworkis.qa.testcase.HomePageTest"/>
  <testcase name="bubbleChartDataTest" time="1.396" classname="com.whertheworkis.qa.testcase.HomePageTest"/>
  <testcase name="showallButtonPresentTest" time="0.100" classname="com.whertheworkis.qa.testcase.HomePageTest"/>
  <testcase name="bubbleChartPopupWindowOpenTest" time="2.437" classname="com.whertheworkis.qa.testcase.HomePageTest"/>
  <testcase name="showallButtonFunctionTest" time="1.697" classname="com.whertheworkis.qa.testcase.HomePageTest"/>
  <testcase name="clickToHideBarChartLengentPresentTest" time="0.036" classname="com.whertheworkis.qa.testcase.HomePageTest"/>
  <testcase name="mouseClickOnOccupationGroupDashboardTest" time="1.084" classname="com.whertheworkis.qa.testcase.HomePageTest"/>
  <testcase name="aboutLinkTextPresentTest" time="0.044" classname="com.whertheworkis.qa.testcase.HomePageTest"/>
  <testcase name="barChartToolTipTest" time="1.181" classname="com.whertheworkis.qa.testcase.HomePageTest"/>
  <testcase name="bubbleChartMouseHoverOnOccupationTest" time="1.452" classname="com.whertheworkis.qa.testcase.HomePageTest"/>
  <testcase name="occupationGroupsBarChartHelperPresentTest" time="0.084" classname="com.whertheworkis.qa.testcase.HomePageTest"/>
  <testcase name="barChartJobOpeningToolTipTest" time="0.036" classname="com.whertheworkis.qa.testcase.HomePageTest"/>
  <testcase name="homePageLogoTest" time="0.088" classname="com.whertheworkis.qa.testcase.HomePageTest"/>
  <testcase name="barChartFutherEducationLegentVisibilityTest" time="0.152" classname="com.whertheworkis.qa.testcase.HomePageTest"/>
  <testcase name="occupationGroupsDashboardHelperPresentTest" time="0.142" classname="com.whertheworkis.qa.testcase.HomePageTest"/>
  <testcase name="bubbleChartFootnotePresentTest" time="0.040" classname="com.whertheworkis.qa.testcase.HomePageTest"/>
  <testcase name="bubbleChartSalaryToolTipTest" time="0.048" classname="com.whertheworkis.qa.testcase.HomePageTest"/>
  <testcase name="bubbleChartOpportunityToolTipTest" time="0.052" classname="com.whertheworkis.qa.testcase.HomePageTest"/>
  <testcase name="dropDownMenuLocationSelecableTest" time="1.126" classname="com.whertheworkis.qa.testcase.HomePageTest"/>
  <testcase name="bubbleChartToolTipTest" time="0.400" classname="com.whertheworkis.qa.testcase.HomePageTest"/>
  <testcase name="mouseHoverOnDashboardOccupationGroupsTest" time="1.572" classname="com.whertheworkis.qa.testcase.HomePageTest"/>
  <testcase name="barChartDataClassificationTest" time="0.088" classname="com.whertheworkis.qa.testcase.HomePageTest"/>
  <testcase name="homePageHeaderSectionTest" time="0.056" classname="com.whertheworkis.qa.testcase.HomePageTest"/>
  <testcase name="methodologyPageLinkTextPresentTest" time="0.036" classname="com.whertheworkis.qa.testcase.HomePageTest"/>
  <testcase name="barChartTitleTest" time="0.941" classname="com.whertheworkis.qa.testcase.HomePageTest"/>
  <testcase name="occupationGroupsBarChartAxisPresentTest" time="0.080" classname="com.whertheworkis.qa.testcase.HomePageTest"/>
  <testcase name="mouseHoverOnBubbleChartOccupationGroupsTest" time="1.459" classname="com.whertheworkis.qa.testcase.HomePageTest"/>
  <testcase name="mouseHoverOnBarChartOccupationGroupsTest" time="1.566" classname="com.whertheworkis.qa.testcase.HomePageTest"/>
  <testcase name="bubbleChartPresentTest" time="0.040" classname="com.whertheworkis.qa.testcase.HomePageTest"/>
  <testcase name="bubbleChartEducationDropDownToolTipTest" time="0.044" classname="com.whertheworkis.qa.testcase.HomePageTest"/>
  <testcase name="barChartPopupWindowOpenTest" time="1.695" classname="com.whertheworkis.qa.testcase.HomePageTest"/>
</testsuite> <!-- com.whertheworkis.qa.testcase.HomePageTest -->
