<?xml version="1.0" encoding="UTF-8"?>
<!-- Generated by org.testng.reporters.JUnitReportReporter -->
<testsuite hostname="Durai-LT" name="com.whertheworkis.qa.testcase.OccupationPopupWindowTest" tests="6" failures="0" timestamp="3 Apr 2020 10:10:36 GMT" time="7.555" errors="0">
  <testcase name="mouseHoverOnPieChartTest" time="2.662" classname="com.whertheworkis.qa.testcase.OccupationPopupWindowTest"/>
  <testcase name="mouseHoverOnLineChartTest" time="2.756" classname="com.whertheworkis.qa.testcase.OccupationPopupWindowTest"/>
  <testcase name="popupCloseButtonTest" time="1.327" classname="com.whertheworkis.qa.testcase.OccupationPopupWindowTest"/>
  <testcase name="projectedLineChartPresentTest" time="0.292" classname="com.whertheworkis.qa.testcase.OccupationPopupWindowTest"/>
  <testcase name="occupationPopupTitleTest" time="0.281" classname="com.whertheworkis.qa.testcase.OccupationPopupWindowTest"/>
  <testcase name="occupationProfilePieChartPresentTest" time="0.237" classname="com.whertheworkis.qa.testcase.OccupationPopupWindowTest"/>
</testsuite> <!-- com.whertheworkis.qa.testcase.OccupationPopupWindowTest -->
