<?xml version="1.0" encoding="UTF-8"?>
<!-- Generated by org.testng.reporters.JUnitReportReporter -->
<testsuite hostname="Durai-LT" name="com.whertheworkis.qa.testcase.ProspectsAcrossLocationsPageTest" tests="7" failures="0" timestamp="2 Apr 2020 05:16:13 GMT" time="2.214" errors="0">
  <testcase name="backButtonTest" time="0.828" classname="com.whertheworkis.qa.testcase.ProspectsAcrossLocationsPageTest"/>
  <testcase name="jobConcentrationMapPopupPresentTest" time="1.091" classname="com.whertheworkis.qa.testcase.ProspectsAcrossLocationsPageTest"/>
  <testcase name="jobConcentrationMapButtonPresentTest" time="0.038" classname="com.whertheworkis.qa.testcase.ProspectsAcrossLocationsPageTest"/>
  <testcase name="dropDownDefaultSelectedOccupationTest" time="0.043" classname="com.whertheworkis.qa.testcase.ProspectsAcrossLocationsPageTest"/>
  <testcase name="occupationTablePresentTest" time="0.049" classname="com.whertheworkis.qa.testcase.ProspectsAcrossLocationsPageTest"/>
  <testcase name="lepareaOrCityRegionRadioButtonTest" time="0.136" classname="com.whertheworkis.qa.testcase.ProspectsAcrossLocationsPageTest"/>
  <testcase name="nationOrRegionRadioButtonTest" time="0.029" classname="com.whertheworkis.qa.testcase.ProspectsAcrossLocationsPageTest"/>
</testsuite> <!-- com.whertheworkis.qa.testcase.ProspectsAcrossLocationsPageTest -->
