<?xml version="1.0" encoding="UTF-8"?>
<!-- Generated by org.testng.reporters.JUnitReportReporter -->
<testsuite hostname="Durai-LT" name="com.whertheworkis.qa.testcase.JobConcentrationPopupWindowTest" tests="7" failures="0" timestamp="2 Apr 2020 11:45:57 GMT" time="0.767" errors="0">
  <testcase name="occupationNamePresentTest" time="0.029" classname="com.whertheworkis.qa.testcase.JobConcentrationPopupWindowTest"/>
  <testcase name="mapLengendPresentTest" time="0.029" classname="com.whertheworkis.qa.testcase.JobConcentrationPopupWindowTest"/>
  <testcase name="mapLepOrCityRegionRadioButtonSelectedTest" time="0.137" classname="com.whertheworkis.qa.testcase.JobConcentrationPopupWindowTest"/>
  <testcase name="mapLocationMouseHoverTest" time="0.350" classname="com.whertheworkis.qa.testcase.JobConcentrationPopupWindowTest"/>
  <testcase name="jobConcentrationPopupCloseButtonTest" time="0.093" classname="com.whertheworkis.qa.testcase.JobConcentrationPopupWindowTest"/>
  <testcase name="occupationDetailMapPresentTest" time="0.031" classname="com.whertheworkis.qa.testcase.JobConcentrationPopupWindowTest"/>
  <testcase name="mapNationOrRegionRadioButtonSelectedTest" time="0.098" classname="com.whertheworkis.qa.testcase.JobConcentrationPopupWindowTest"/>
</testsuite> <!-- com.whertheworkis.qa.testcase.JobConcentrationPopupWindowTest -->
