<?xml version="1.0" encoding="UTF-8"?>
<!-- Generated by org.testng.reporters.JUnitReportReporter -->
<testsuite hostname="Durai-LT" name="com.whertheworkis.qa.testcase.AboutPageTest" tests="4" failures="0" timestamp="31 Mar 2020 10:18:08 GMT" time="10.845" errors="0">
  <testcase name="dataDictionayFilePresentTest" time="0.096" classname="com.whertheworkis.qa.testcase.AboutPageTest"/>
  <testcase name="dataDictionayFileDownloadTest" time="5.143" classname="com.whertheworkis.qa.testcase.AboutPageTest"/>
  <testcase name="csvDataFileDownloadTest" time="5.559" classname="com.whertheworkis.qa.testcase.AboutPageTest"/>
  <testcase name="csvDataFilePresentTest" time="0.047" classname="com.whertheworkis.qa.testcase.AboutPageTest"/>
</testsuite> <!-- com.whertheworkis.qa.testcase.AboutPageTest -->
