<?xml version="1.0" encoding="UTF-8"?>
<!-- Generated by org.testng.reporters.JUnitReportReporter -->
<testsuite hostname="Durai-LT" name="com.whertheworkis.qa.testcase.JobConcentrationPopupWindowTest" tests="7" failures="0" timestamp="24 Mar 2020 06:02:17 GMT" time="140.256" errors="0">
  <testcase name="mapLengendPresentTest" time="20.338" classname="com.whertheworkis.qa.testcase.JobConcentrationPopupWindowTest"/>
  <testcase name="occupationDetailMapPresentTest" time="19.518" classname="com.whertheworkis.qa.testcase.JobConcentrationPopupWindowTest"/>
  <testcase name="mapNationOrRegionRadioButtonSelectedTest" time="18.740" classname="com.whertheworkis.qa.testcase.JobConcentrationPopupWindowTest"/>
  <testcase name="occupationNamePresentTest" time="21.460" classname="com.whertheworkis.qa.testcase.JobConcentrationPopupWindowTest"/>
  <testcase name="jobConcentrationPopupCloseButtonTest" time="20.043" classname="com.whertheworkis.qa.testcase.JobConcentrationPopupWindowTest"/>
  <testcase name="mapLocationMouseHoverTest" time="19.165" classname="com.whertheworkis.qa.testcase.JobConcentrationPopupWindowTest"/>
  <testcase name="mapLepOrCityRegionRadioButtonSelectedTest" time="20.992" classname="com.whertheworkis.qa.testcase.JobConcentrationPopupWindowTest"/>
</testsuite> <!-- com.whertheworkis.qa.testcase.JobConcentrationPopupWindowTest -->
