<?xml version="1.0" encoding="UTF-8"?>
<!-- Generated by org.testng.reporters.JUnitReportReporter -->
<testsuite hostname="Durai-LT" name="com.whertheworkis.qa.testcase.HomePageTest" tests="41" failures="0" timestamp="3 Apr 2020 10:53:39 GMT" time="118.457" errors="0">
  <testcase name="bubbleChartEducationDropDownToolTipTest" time="0.235" classname="com.whertheworkis.qa.testcase.HomePageTest"/>
  <testcase name="barChartJobOpeningToolTipTest" time="0.262" classname="com.whertheworkis.qa.testcase.HomePageTest"/>
  <testcase name="aboutLinkTextPresentTest" time="0.226" classname="com.whertheworkis.qa.testcase.HomePageTest"/>
  <testcase name="barChartFutherEducationLegentVisibilityTest" time="0.933" classname="com.whertheworkis.qa.testcase.HomePageTest"/>
  <testcase name="bubbleChartToolTipTest" time="1.371" classname="com.whertheworkis.qa.testcase.HomePageTest"/>
  <testcase name="mouseHoverOnBarChartOccupationGroupsTest" time="20.879" classname="com.whertheworkis.qa.testcase.HomePageTest"/>
  <testcase name="whatcanthistoolshowPageLinkTextPresentTest" time="0.239" classname="com.whertheworkis.qa.testcase.HomePageTest"/>
  <testcase name="occupationGroupsDashboardHelperPresentTest" time="0.403" classname="com.whertheworkis.qa.testcase.HomePageTest"/>
  <testcase name="barChartTitleTest" time="2.593" classname="com.whertheworkis.qa.testcase.HomePageTest"/>
  <testcase name="showallButtonFunctionTest" time="4.789" classname="com.whertheworkis.qa.testcase.HomePageTest"/>
  <testcase name="barChartDataClassificationTest" time="0.823" classname="com.whertheworkis.qa.testcase.HomePageTest"/>
  <testcase name="barChartToolTipTest" time="3.117" classname="com.whertheworkis.qa.testcase.HomePageTest"/>
  <testcase name="mouseClickOnOccupationGroupDashboardTest" time="2.599" classname="com.whertheworkis.qa.testcase.HomePageTest"/>
  <testcase name="methodologyPageLinkTextPresentTest" time="0.232" classname="com.whertheworkis.qa.testcase.HomePageTest"/>
  <testcase name="mouseHoverOnBubbleChartOccupationGroupsTest" time="17.424" classname="com.whertheworkis.qa.testcase.HomePageTest"/>
  <testcase name="showallButtonPresentTest" time="0.216" classname="com.whertheworkis.qa.testcase.HomePageTest"/>
  <testcase name="bubbleChartPresentTest" time="0.289" classname="com.whertheworkis.qa.testcase.HomePageTest"/>
  <testcase name="defaultLocationSeclectedTest" time="0.242" classname="com.whertheworkis.qa.testcase.HomePageTest"/>
  <testcase name="barChartPopupWindowOpenTest" time="4.623" classname="com.whertheworkis.qa.testcase.HomePageTest"/>
  <testcase name="homePageHeaderSectionTest" time="0.227" classname="com.whertheworkis.qa.testcase.HomePageTest"/>
  <testcase name="homePageLogoTest" time="0.249" classname="com.whertheworkis.qa.testcase.HomePageTest"/>
  <testcase name="occupationGroupsBarChartHelperPresentTest" time="0.412" classname="com.whertheworkis.qa.testcase.HomePageTest"/>
  <testcase name="dropDownMenuLocationSelecableTest" time="26.542" classname="com.whertheworkis.qa.testcase.HomePageTest"/>
  <testcase name="occupationGroupsInformationPresentTest" time="0.199" classname="com.whertheworkis.qa.testcase.HomePageTest"/>
  <testcase name="barChartHigherEducationLenegntVisibilityTest" time="1.122" classname="com.whertheworkis.qa.testcase.HomePageTest"/>
  <testcase name="occupationGroupsBarChartAxisPresentTest" time="0.514" classname="com.whertheworkis.qa.testcase.HomePageTest"/>
  <testcase name="bubbleChartOpportunityToolTipTest" time="0.259" classname="com.whertheworkis.qa.testcase.HomePageTest"/>
  <testcase name="mouseClickBarChartOccupationGroupTest" time="2.576" classname="com.whertheworkis.qa.testcase.HomePageTest"/>
  <testcase name="bubbleChartDataTest" time="4.271" classname="com.whertheworkis.qa.testcase.HomePageTest"/>
  <testcase name="barChartMouseHoverOnOccupationTest" time="4.427" classname="com.whertheworkis.qa.testcase.HomePageTest"/>
  <testcase name="clickToHideBarChartLengentPresentTest" time="0.280" classname="com.whertheworkis.qa.testcase.HomePageTest"/>
  <testcase name="bubbleChartFootnotePresentTest" time="0.212" classname="com.whertheworkis.qa.testcase.HomePageTest"/>
  <testcase name="relatedResearchPageLinkTextPresentTest" time="0.222" classname="com.whertheworkis.qa.testcase.HomePageTest"/>
  <testcase name="footerSectionLogoPresentTest" time="0.637" classname="com.whertheworkis.qa.testcase.HomePageTest"/>
  <testcase name="homePageTitleTest" time="0.255" classname="com.whertheworkis.qa.testcase.HomePageTest"/>
  <testcase name="bubbleChartEducationDropDownMenuTest" time="1.824" classname="com.whertheworkis.qa.testcase.HomePageTest"/>
  <testcase name="mouseHoverOnDashboardOccupationGroupsTest" time="2.738" classname="com.whertheworkis.qa.testcase.HomePageTest"/>
  <testcase name="bubbleChartMouseHoverOnOccupationTest" time="4.439" classname="com.whertheworkis.qa.testcase.HomePageTest"/>
  <testcase name="barChartSchoolLeaversLegentVisibilityTest" time="0.938" classname="com.whertheworkis.qa.testcase.HomePageTest"/>
  <testcase name="bubbleChartSalaryToolTipTest" time="0.259" classname="com.whertheworkis.qa.testcase.HomePageTest"/>
  <testcase name="bubbleChartPopupWindowOpenTest" time="4.360" classname="com.whertheworkis.qa.testcase.HomePageTest"/>
</testsuite> <!-- com.whertheworkis.qa.testcase.HomePageTest -->
