<?xml version="1.0" encoding="UTF-8"?>
<!-- Generated by org.testng.reporters.JUnitReportReporter -->
<testsuite hostname="Durai-LT" name="com.whertheworkis.qa.testcase.AboutPageTest" tests="4" failures="0" timestamp="24 Mar 2020 06:02:17 GMT" time="92.983" errors="0">
  <testcase name="dataDictionayFileDownloadTest" time="26.484" classname="com.whertheworkis.qa.testcase.AboutPageTest"/>
  <testcase name="dataDictionayFilePresentTest" time="18.446" classname="com.whertheworkis.qa.testcase.AboutPageTest"/>
  <testcase name="csvDataFilePresentTest" time="22.803" classname="com.whertheworkis.qa.testcase.AboutPageTest"/>
  <testcase name="csvDataFileDownloadTest" time="25.250" classname="com.whertheworkis.qa.testcase.AboutPageTest"/>
</testsuite> <!-- com.whertheworkis.qa.testcase.AboutPageTest -->
