<?xml version="1.0" encoding="UTF-8"?>
<!-- Generated by org.testng.reporters.JUnitReportReporter -->
<testsuite hostname="Durai-LT" name="com.whertheworkis.qa.testcase.JobConcentrationPopupWindowTest" tests="7" failures="0" timestamp="31 Mar 2020 10:18:08 GMT" time="0.942" errors="0">
  <testcase name="jobConcentrationPopupCloseButtonTest" time="0.188" classname="com.whertheworkis.qa.testcase.JobConcentrationPopupWindowTest"/>
  <testcase name="mapLepOrCityRegionRadioButtonSelectedTest" time="0.108" classname="com.whertheworkis.qa.testcase.JobConcentrationPopupWindowTest"/>
  <testcase name="occupationNamePresentTest" time="0.068" classname="com.whertheworkis.qa.testcase.JobConcentrationPopupWindowTest"/>
  <testcase name="mapLengendPresentTest" time="0.048" classname="com.whertheworkis.qa.testcase.JobConcentrationPopupWindowTest"/>
  <testcase name="mapLocationMouseHoverTest" time="0.382" classname="com.whertheworkis.qa.testcase.JobConcentrationPopupWindowTest"/>
  <testcase name="occupationDetailMapPresentTest" time="0.040" classname="com.whertheworkis.qa.testcase.JobConcentrationPopupWindowTest"/>
  <testcase name="mapNationOrRegionRadioButtonSelectedTest" time="0.108" classname="com.whertheworkis.qa.testcase.JobConcentrationPopupWindowTest"/>
</testsuite> <!-- com.whertheworkis.qa.testcase.JobConcentrationPopupWindowTest -->
