<?xml version="1.0" encoding="UTF-8"?>
<!-- Generated by org.testng.reporters.JUnitReportReporter -->
<testsuite hostname="Durai-LT" name="com.whertheworkis.qa.testcase.MethodologyPageTest" tests="4" failures="0" timestamp="24 Mar 2020 06:02:17 GMT" time="84.335" errors="0">
  <testcase name="methodologyDataDictionayFilePresentTest" time="17.887" classname="com.whertheworkis.qa.testcase.MethodologyPageTest"/>
  <testcase name="methodologyCsvDataFilePresentTest" time="21.358" classname="com.whertheworkis.qa.testcase.MethodologyPageTest"/>
  <testcase name="methodologyDataDictionayFileDownloadTest" time="23.277" classname="com.whertheworkis.qa.testcase.MethodologyPageTest"/>
  <testcase name="methodologyCsvDataFileDownloadTest" time="21.813" classname="com.whertheworkis.qa.testcase.MethodologyPageTest"/>
</testsuite> <!-- com.whertheworkis.qa.testcase.MethodologyPageTest -->
