<?xml version="1.0" encoding="UTF-8"?>
<!-- Generated by org.testng.reporters.JUnitReportReporter -->
<testsuite hostname="Durai-LT" name="com.whertheworkis.qa.testcase.AboutPageTest" tests="4" failures="0" timestamp="2 Apr 2020 05:16:13 GMT" time="16.739" errors="0">
  <testcase name="dataDictionayFilePresentTest" time="0.090" classname="com.whertheworkis.qa.testcase.AboutPageTest"/>
  <testcase name="dataDictionayFileDownloadTest" time="8.119" classname="com.whertheworkis.qa.testcase.AboutPageTest"/>
  <testcase name="csvDataFileDownloadTest" time="8.467" classname="com.whertheworkis.qa.testcase.AboutPageTest"/>
  <testcase name="csvDataFilePresentTest" time="0.063" classname="com.whertheworkis.qa.testcase.AboutPageTest"/>
</testsuite> <!-- com.whertheworkis.qa.testcase.AboutPageTest -->
