<?xml version="1.0" encoding="UTF-8"?>
<!-- Generated by org.testng.reporters.JUnitReportReporter -->
<testsuite hostname="Durai-LT" name="org.wheretheworkis.qa.testcase.MethodologyPageTest" tests="2" failures="0" timestamp="16 Apr 2020 07:14:19 GMT" time="0.529" errors="0">
  <testcase name="methodologyDataDictionayFilePresentTest" time="0.036" classname="org.wheretheworkis.qa.testcase.MethodologyPageTest"/>
  <testcase name="methodologyCsvDataFilePresentTest" time="0.493" classname="org.wheretheworkis.qa.testcase.MethodologyPageTest"/>
</testsuite> <!-- org.wheretheworkis.qa.testcase.MethodologyPageTest -->
