<?xml version="1.0" encoding="UTF-8"?>
<!-- Generated by org.testng.reporters.JUnitReportReporter -->
<testsuite hostname="Durai-LT" name="org.wheretheworkis.qa.testcase.HomePageTest" tests="41" failures="0" timestamp="16 Apr 2020 07:14:19 GMT" time="21.458" errors="0">
  <testcase name="occupationGroupsBarChartAxisPresentTest" time="0.059" classname="org.wheretheworkis.qa.testcase.HomePageTest"/>
  <testcase name="barChartFutherEducationLegentVisibilityTest" time="0.099" classname="org.wheretheworkis.qa.testcase.HomePageTest"/>
  <testcase name="bubbleChartOpportunityToolTipTest" time="0.025" classname="org.wheretheworkis.qa.testcase.HomePageTest"/>
  <testcase name="barChartMouseHoverOnOccupationTest" time="1.263" classname="org.wheretheworkis.qa.testcase.HomePageTest"/>
  <testcase name="bubbleChartPopupWindowOpenTest" time="2.019" classname="org.wheretheworkis.qa.testcase.HomePageTest"/>
  <testcase name="bubbleChartDataTest" time="1.176" classname="org.wheretheworkis.qa.testcase.HomePageTest"/>
  <testcase name="barChartDataClassificationTest" time="0.080" classname="org.wheretheworkis.qa.testcase.HomePageTest"/>
  <testcase name="homePageLogoTest" time="0.056" classname="org.wheretheworkis.qa.testcase.HomePageTest"/>
  <testcase name="mouseHoverOnBubbleChartOccupationGroupsTest" time="1.213" classname="org.wheretheworkis.qa.testcase.HomePageTest"/>
  <testcase name="occupationGroupsInformationPresentTest" time="0.027" classname="org.wheretheworkis.qa.testcase.HomePageTest"/>
  <testcase name="barChartTitleTest" time="0.894" classname="org.wheretheworkis.qa.testcase.HomePageTest"/>
  <testcase name="bubbleChartToolTipTest" time="0.318" classname="org.wheretheworkis.qa.testcase.HomePageTest"/>
  <testcase name="footerSectionLogoPresentTest" time="0.116" classname="org.wheretheworkis.qa.testcase.HomePageTest"/>
  <testcase name="occupationGroupsDashboardHelperPresentTest" time="0.051" classname="org.wheretheworkis.qa.testcase.HomePageTest"/>
  <testcase name="homePageTitleTest" time="0.028" classname="org.wheretheworkis.qa.testcase.HomePageTest"/>
  <testcase name="defaultLocationSeclectedTest" time="0.026" classname="org.wheretheworkis.qa.testcase.HomePageTest"/>
  <testcase name="barChartJobOpeningToolTipTest" time="0.028" classname="org.wheretheworkis.qa.testcase.HomePageTest"/>
  <testcase name="barChartPopupWindowOpenTest" time="1.557" classname="org.wheretheworkis.qa.testcase.HomePageTest"/>
  <testcase name="showallButtonFunctionTest" time="1.454" classname="org.wheretheworkis.qa.testcase.HomePageTest"/>
  <testcase name="homePageHeaderSectionTest" time="0.038" classname="org.wheretheworkis.qa.testcase.HomePageTest"/>
  <testcase name="bubbleChartEducationDropDownToolTipTest" time="0.029" classname="org.wheretheworkis.qa.testcase.HomePageTest"/>
  <testcase name="aboutLinkTextPresentTest" time="0.034" classname="org.wheretheworkis.qa.testcase.HomePageTest"/>
  <testcase name="bubbleChartPresentTest" time="0.036" classname="org.wheretheworkis.qa.testcase.HomePageTest"/>
  <testcase name="dropDownMenuLocationSelecableTest" time="1.081" classname="org.wheretheworkis.qa.testcase.HomePageTest"/>
  <testcase name="bubbleChartSalaryToolTipTest" time="0.030" classname="org.wheretheworkis.qa.testcase.HomePageTest"/>
  <testcase name="whatcanthistoolshowPageLinkTextPresentTest" time="0.031" classname="org.wheretheworkis.qa.testcase.HomePageTest"/>
  <testcase name="occupationGroupsBarChartHelperPresentTest" time="0.052" classname="org.wheretheworkis.qa.testcase.HomePageTest"/>
  <testcase name="mouseClickOnOccupationGroupDashboardTest" time="0.810" classname="org.wheretheworkis.qa.testcase.HomePageTest"/>
  <testcase name="clickToHideBarChartLengentPresentTest" time="0.031" classname="org.wheretheworkis.qa.testcase.HomePageTest"/>
  <testcase name="barChartHigherEducationLenegntVisibilityTest" time="0.104" classname="org.wheretheworkis.qa.testcase.HomePageTest"/>
  <testcase name="methodologyPageLinkTextPresentTest" time="0.034" classname="org.wheretheworkis.qa.testcase.HomePageTest"/>
  <testcase name="bubbleChartEducationDropDownMenuTest" time="0.246" classname="org.wheretheworkis.qa.testcase.HomePageTest"/>
  <testcase name="barChartToolTipTest" time="1.017" classname="org.wheretheworkis.qa.testcase.HomePageTest"/>
  <testcase name="mouseClickBarChartOccupationGroupTest" time="3.445" classname="org.wheretheworkis.qa.testcase.HomePageTest"/>
  <testcase name="mouseHoverOnBarChartOccupationGroupsTest" time="1.296" classname="org.wheretheworkis.qa.testcase.HomePageTest"/>
  <testcase name="showallButtonPresentTest" time="0.030" classname="org.wheretheworkis.qa.testcase.HomePageTest"/>
  <testcase name="bubbleChartMouseHoverOnOccupationTest" time="1.185" classname="org.wheretheworkis.qa.testcase.HomePageTest"/>
  <testcase name="bubbleChartFootnotePresentTest" time="0.043" classname="org.wheretheworkis.qa.testcase.HomePageTest"/>
  <testcase name="barChartSchoolLeaversLegentVisibilityTest" time="0.134" classname="org.wheretheworkis.qa.testcase.HomePageTest"/>
  <testcase name="relatedResearchPageLinkTextPresentTest" time="0.032" classname="org.wheretheworkis.qa.testcase.HomePageTest"/>
  <testcase name="mouseHoverOnDashboardOccupationGroupsTest" time="1.231" classname="org.wheretheworkis.qa.testcase.HomePageTest"/>
</testsuite> <!-- org.wheretheworkis.qa.testcase.HomePageTest -->
