<?xml version="1.0" encoding="UTF-8"?>
<!-- Generated by org.testng.reporters.JUnitReportReporter -->
<testsuite hostname="Durai-LT" name="com.wheretheworkis.qa.testcase.OccupationPopupWindowTest" tests="6" failures="0" timestamp="12 Apr 2020 11:06:29 GMT" time="0.892" errors="0">
  <testcase name="occupationPopupTitleTest" time="0.029" classname="com.wheretheworkis.qa.testcase.OccupationPopupWindowTest"/>
  <testcase name="occupationProfilePieChartPresentTest" time="0.036" classname="com.wheretheworkis.qa.testcase.OccupationPopupWindowTest"/>
  <testcase name="mouseHoverOnLineChartTest" time="0.372" classname="com.wheretheworkis.qa.testcase.OccupationPopupWindowTest"/>
  <testcase name="popupCloseButtonTest" time="0.091" classname="com.wheretheworkis.qa.testcase.OccupationPopupWindowTest"/>
  <testcase name="projectedLineChartPresentTest" time="0.035" classname="com.wheretheworkis.qa.testcase.OccupationPopupWindowTest"/>
  <testcase name="mouseHoverOnPieChartTest" time="0.329" classname="com.wheretheworkis.qa.testcase.OccupationPopupWindowTest"/>
</testsuite> <!-- com.wheretheworkis.qa.testcase.OccupationPopupWindowTest -->
