<?xml version="1.0" encoding="UTF-8"?>
<!-- Generated by org.testng.reporters.JUnitReportReporter -->
<testsuite hostname="Durai-LT" name="com.wheretheworkis.qa.testcase.MethodologyPageTest" tests="2" failures="0" timestamp="12 Apr 2020 11:22:33 GMT" time="0.440" errors="0">
  <testcase name="methodologyCsvDataFilePresentTest" time="0.403" classname="com.wheretheworkis.qa.testcase.MethodologyPageTest"/>
  <testcase name="methodologyDataDictionayFilePresentTest" time="0.037" classname="com.wheretheworkis.qa.testcase.MethodologyPageTest"/>
</testsuite> <!-- com.wheretheworkis.qa.testcase.MethodologyPageTest -->
