<?xml version="1.0" encoding="UTF-8"?>
<!-- Generated by org.testng.reporters.JUnitReportReporter -->
<testsuite hostname="Durai-LT" name="com.whertheworkis.qa.testcase.OccupationPopupWindowTest" tests="6" failures="0" timestamp="2 Apr 2020 11:45:57 GMT" time="0.898" errors="0">
  <testcase name="occupationPopupTitleTest" time="0.025" classname="com.whertheworkis.qa.testcase.OccupationPopupWindowTest"/>
  <testcase name="projectedLineChartPresentTest" time="0.031" classname="com.whertheworkis.qa.testcase.OccupationPopupWindowTest"/>
  <testcase name="mouseHoverOnPieChartTest" time="0.319" classname="com.whertheworkis.qa.testcase.OccupationPopupWindowTest"/>
  <testcase name="occupationProfilePieChartPresentTest" time="0.037" classname="com.whertheworkis.qa.testcase.OccupationPopupWindowTest"/>
  <testcase name="mouseHoverOnLineChartTest" time="0.392" classname="com.whertheworkis.qa.testcase.OccupationPopupWindowTest"/>
  <testcase name="popupCloseButtonTest" time="0.094" classname="com.whertheworkis.qa.testcase.OccupationPopupWindowTest"/>
</testsuite> <!-- com.whertheworkis.qa.testcase.OccupationPopupWindowTest -->
