<?xml version="1.0" encoding="UTF-8"?>
<!-- Generated by org.testng.reporters.JUnitReportReporter -->
<testsuite hostname="Durai-LT" name="com.whertheworkis.qa.testcase.OccupationPopupWindowTest" tests="6" failures="0" timestamp="31 Mar 2020 10:18:08 GMT" time="1.191" errors="0">
  <testcase name="projectedLineChartPresentTest" time="0.060" classname="com.whertheworkis.qa.testcase.OccupationPopupWindowTest"/>
  <testcase name="mouseHoverOnLineChartTest" time="0.402" classname="com.whertheworkis.qa.testcase.OccupationPopupWindowTest"/>
  <testcase name="occupationProfilePieChartPresentTest" time="0.061" classname="com.whertheworkis.qa.testcase.OccupationPopupWindowTest"/>
  <testcase name="popupCloseButtonTest" time="0.188" classname="com.whertheworkis.qa.testcase.OccupationPopupWindowTest"/>
  <testcase name="mouseHoverOnPieChartTest" time="0.432" classname="com.whertheworkis.qa.testcase.OccupationPopupWindowTest"/>
  <testcase name="occupationPopupTitleTest" time="0.048" classname="com.whertheworkis.qa.testcase.OccupationPopupWindowTest"/>
</testsuite> <!-- com.whertheworkis.qa.testcase.OccupationPopupWindowTest -->
